<?xml version="1.0" encoding="UTF-8"?>
<!-- Generated by org.testng.reporters.JUnitXMLReporter -->
<testsuite ignored="0" hostname="LAPTOP-CI1T74U0" failures="0" tests="31" name="GoRest API Tests" time="35.349" errors="0" timestamp="2025-01-28T10:59:52 PST">
  <testcase classname="Tests.GoRestAPIGetUserTests" name="TC01VerifyUserDataById" time="2.277"/>
  <testcase classname="Tests.GoRestAPIGetUserTests" name="TC02VerifyUserDataByInvalidUserId" time="0.501"/>
  <testcase classname="Tests.GoRestAPICreateUserTests" name="TC01CreateAndVerifyUser" time="0.992"/>
  <testcase classname="Tests.GoRestAPICreateUserTests" name="TC02CreateUserWithInvalidEmail" time="0.343"/>
  <testcase classname="Tests.GoRestAPICreateUserTests" name="TC03CreateUserWithInvalidStatus" time="0.474"/>
  <testcase classname="Tests.GoRestAPICreateUserTests" name="TC04CreateUserWithInvalidGender" time="0.491"/>
  <testcase classname="Tests.GoRestAPICreateUserTests" name="TC05CreateUserWithBlankEmail" time="0.497"/>
  <testcase classname="Tests.GoRestAPICreateUserTests" name="TC06CreateUserWithBlankStatus" time="0.328"/>
  <testcase classname="Tests.GoRestAPICreateUserTests" name="TC07CreateUserWithBlankGender" time="0.505"/>
  <testcase classname="Tests.GoRestAPICreateUserTests" name="TC08CreateUserWithBlankName" time="0.475"/>
  <testcase classname="Tests.GoRestAPICreateUserTests" name="TC09CreateUserWithMissingRequiredFields" time="0.32"/>
  <testcase classname="Tests.GoRestAPICreateUserTests" name="TC10CreateUserWithInvalidToken" time="0.439"/>
  <testcase classname="Tests.GoRestAPICreateUserTests" name="TC11CreateUserWithUnauthorizedUser" time="0.467"/>
  <testcase classname="Tests.GoRestAPICreateUserTests" name="TC12CreateUserWithNameMoreThan200Char" time="0.485"/>
  <testcase classname="Tests.GoRestAPICreateUserTests" name="TC13CreateUserWithEmailMoreThan200Char" time="0.477"/>
  <testcase classname="Tests.GoRestAPICreateUserTests" name="TC14CreateUserWithGenderMoreThan200Char" time="0.485"/>
  <testcase classname="Tests.GoRestAPICreateUserTests" name="TC15CreateUserWithStatusMoreThan200Char" time="0.49"/>
  <testcase classname="Tests.GoRestAPIDeleteUserTests" name="TC01DeleteExistingUser" time="1.597"/>
  <testcase classname="Tests.GoRestAPIDeleteUserTests" name="TC02DeleteNonExistingUser" time="0.451"/>
  <testcase classname="Tests.GoRestAPIDeleteUserTests" name="TC03DeleteUserWithUnauthorizedUser" time="1.121"/>
  <testcase classname="Tests.GoRestAPIDeleteUserTests" name="TC04DeleteUserWithInvalidToken" time="1.012"/>
  <testcase classname="Tests.GoRestAPIUpdateUserTests" name="TC01UpdateExistingUser" time="0.364"/>
  <testcase classname="Tests.GoRestAPIUpdateUserTests" name="TC02UpdateUserUsingBlankData" time="0.374"/>
  <testcase classname="Tests.GoRestAPIUpdateUserTests" name="TC03UpdateUserUsingInvalidData" time="0.515"/>
  <testcase classname="Tests.GoRestAPIUpdateUserTests" name="TC04UpdateNonExistingUser" time="0.3"/>
  <testcase classname="Tests.GoRestAPIUpdateUserTests" name="TC05UpdateExistingUserWithInvalidToken" time="0.31"/>
  <testcase classname="Tests.GoRestAPIUpdateUserTests" name="TC06UpdateExistingUserWithUnauthorizedUser" time="0.289"/>
  <testcase classname="Tests.GoRestAPIUpdateUserTests" name="TC07UpdateExistingUserWithNameMoreThan200Char" time="0.349"/>
  <testcase classname="Tests.GoRestAPIUpdateUserTests" name="TC08UpdateExistingUserWithEmailMoreThan200Char" time="0.463"/>
  <testcase classname="Tests.GoRestAPIUpdateUserTests" name="TC09UpdateExistingUserWithGenderMoreThan200Char" time="0.31"/>
  <testcase classname="Tests.GoRestAPIUpdateUserTests" name="TC10UpdateExistingUserWithStatusMoreThan200Char" time="0.396"/>
</testsuite> <!-- GoRest API Tests -->
