<?xml version="1.0" encoding="UTF-8"?>
<!-- Generated by org.testng.reporters.JUnitXMLReporter -->
<testsuite ignored="9" hostname="LAPTOP-CI1T74U0" failures="0" tests="1" name="Default test" time="3.299" errors="0" timestamp="2025-01-28T10:54:09 PST">
  <testcase classname="Tests.GoRestAPIUpdateUserTests" name="TC10UpdateExistingUserWithStatusMoreThan200Char" time="0.74"/>
  <testcase classname="Tests.GoRestAPIUpdateUserTests" name="TC04UpdateNonExistingUser" time="0.0">
    <ignored/>
  </testcase> <!-- TC04UpdateNonExistingUser -->
  <testcase classname="Tests.GoRestAPIUpdateUserTests" name="TC08UpdateExistingUserWithEmailMoreThan200Char" time="0.0">
    <ignored/>
  </testcase> <!-- TC08UpdateExistingUserWithEmailMoreThan200Char -->
  <testcase classname="Tests.GoRestAPIUpdateUserTests" name="TC01UpdateExistingUser" time="0.0">
    <ignored/>
  </testcase> <!-- TC01UpdateExistingUser -->
  <testcase classname="Tests.GoRestAPIUpdateUserTests" name="TC06UpdateExistingUserWithUnauthorizedUser" time="0.0">
    <ignored/>
  </testcase> <!-- TC06UpdateExistingUserWithUnauthorizedUser -->
  <testcase classname="Tests.GoRestAPIUpdateUserTests" name="TC03UpdateUserUsingInvalidData" time="0.0">
    <ignored/>
  </testcase> <!-- TC03UpdateUserUsingInvalidData -->
  <testcase classname="Tests.GoRestAPIUpdateUserTests" name="TC02UpdateUserUsingBlankData" time="0.0">
    <ignored/>
  </testcase> <!-- TC02UpdateUserUsingBlankData -->
  <testcase classname="Tests.GoRestAPIUpdateUserTests" name="TC07UpdateExistingUserWithNameMoreThan200Char" time="0.0">
    <ignored/>
  </testcase> <!-- TC07UpdateExistingUserWithNameMoreThan200Char -->
  <testcase classname="Tests.GoRestAPIUpdateUserTests" name="TC05UpdateExistingUserWithInvalidToken" time="0.0">
    <ignored/>
  </testcase> <!-- TC05UpdateExistingUserWithInvalidToken -->
  <testcase classname="Tests.GoRestAPIUpdateUserTests" name="TC09UpdateExistingUserWithGenderMoreThan200Char" time="0.0">
    <ignored/>
  </testcase> <!-- TC09UpdateExistingUserWithGenderMoreThan200Char -->
</testsuite> <!-- Default test -->
